\BOOKMARK [0][-]{chapter*.1}{\376\377\000A\000g\000r\000a\000d\000e\000c\000i\000m\000i\000e\000n\000t\000o\000s}{}% 1
\BOOKMARK [0][-]{chapter*.2}{\376\377\000P\000r\000e\000f\000a\000c\000i\000o}{}% 2
\BOOKMARK [-1][-]{part.1}{\376\377\000I\000\040\000L\000o\000\040\000q\000u\000e\000\040\000t\000o\000d\000o\000\040\000p\000a\000d\000r\000e\000\040\000d\000e\000b\000e\000\040\000s\000a\000b\000e\000r}{}% 3
\BOOKMARK [0][-]{chapter.1}{\376\377\000L\000a\000\040\000p\000e\000r\000s\000o\000n\000a\000\040\000d\000e\000f\000i\000n\000e\000\040\000e\000l\000\040\000d\000e\000s\000t\000i\000n\000o\000,\000\040\000n\000o\000\040\000l\000a\000\040\000c\000a\000r\000r\000e\000r\000a}{part.1}% 4
\BOOKMARK [1][-]{section*.4}{\376\377\000E\000l\000\040\000l\000u\000g\000a\000r\000\040\000s\000\355\000\040\000i\000m\000p\000o\000r\000t\000a}{chapter.1}% 5
\BOOKMARK [1][-]{section*.5}{\376\377\000L\000a\000\040\000a\000n\000s\000i\000e\000d\000a\000d\000\040\000d\000e\000l\000\040\000s\000e\000x\000t\000o\000\040\000s\000e\000m\000e\000s\000t\000r\000e}{chapter.1}% 6
\BOOKMARK [1][-]{section*.7}{\376\377\000L\000a\000\040\000i\000n\000v\000e\000s\000t\000i\000g\000a\000c\000i\000\363\000n\000\040\000q\000u\000e\000\040\000m\000e\000\040\000a\000b\000r\000i\000\363\000\040\000l\000o\000s\000\040\000o\000j\000o\000s}{chapter.1}% 7
\BOOKMARK [1][-]{section*.8}{\376\377\000L\000a\000s\000\040\000p\000r\000e\000p\000a\000r\000a\000t\000o\000r\000i\000a\000s\000\040\000o\000l\000v\000i\000d\000a\000r\000o\000n\000\040\000s\000u\000\040\000p\000r\000o\000p\000\363\000s\000i\000t\000o}{chapter.1}% 8
\BOOKMARK [1][-]{section*.9}{\376\377\000L\000o\000s\000\040\000p\000r\000i\000m\000e\000r\000o\000s\000\040\000r\000e\000s\000p\000o\000n\000s\000a\000b\000l\000e\000s}{chapter.1}% 9
\BOOKMARK [1][-]{section*.11}{\376\377\000D\000o\000s\000\040\000t\000i\000p\000o\000s\000\040\000d\000e\000\040\000f\000a\000m\000i\000l\000i\000a\000s\000\040\000y\000\040\000l\000a\000\040\000c\000a\000r\000r\000e\000r\000a}{chapter.1}% 10
\BOOKMARK [1][-]{section*.12}{\376\377\000E\000l\000\040\000m\000i\000t\000o\000\040\000d\000e\000\040\000l\000a\000s\000\040\000c\000a\000r\000r\000e\000r\000a\000s\000\040\000b\000i\000e\000n\000\040\000p\000a\000g\000a\000d\000a\000s}{chapter.1}% 11
\BOOKMARK [1][-]{section*.13}{\376\377\000L\000a\000\040\000v\000o\000c\000a\000c\000i\000\363\000n\000\040\000n\000o\000\040\000e\000s\000\040\000m\000a\000g\000i\000a\000,\000\040\000e\000s\000\040\000p\000r\000o\000c\000e\000s\000o}{chapter.1}% 12
\BOOKMARK [1][-]{section*.14}{\376\377\000R\000e\000t\000o\000\040\000d\000e\000l\000\040\000c\000a\000p\000\355\000t\000u\000l\000o}{chapter.1}% 13
\BOOKMARK [0][-]{chapter.2}{\376\377\000E\000l\000\040\000c\000a\000r\000\341\000c\000t\000e\000r\000\040\000q\000u\000e\000\040\000g\000a\000r\000a\000n\000t\000i\000z\000a\000\040\000e\000l\000\040\000\351\000x\000i\000t\000o}{part.1}% 14
\BOOKMARK [1][-]{section*.15}{\376\377\000M\000\341\000s\000\040\000a\000l\000l\000\341\000\040\000d\000e\000\040\000l\000a\000\040\000c\000a\000r\000r\000e\000r\000a\000\040\000c\000o\000r\000r\000e\000c\000t\000a}{chapter.2}% 15
\BOOKMARK [1][-]{section*.16}{\376\377\000L\000o\000s\000\040\000t\000r\000e\000s\000\040\000p\000r\000i\000n\000c\000i\000p\000i\000o\000s\000\040\000d\000e\000l\000\040\000\351\000x\000i\000t\000o}{chapter.2}% 16
\BOOKMARK [1][-]{section*.17}{\376\377\000L\000a\000\040\000t\000r\000a\000m\000p\000a\000\040\000d\000e\000l\000\040\000p\000r\000e\000s\000t\000i\000g\000i\000o}{chapter.2}% 17
\BOOKMARK [1][-]{section*.18}{\376\377\000T\000u\000\040\000t\000r\000a\000b\000a\000j\000o\000\040\000c\000o\000m\000o\000\040\000p\000a\000d\000r\000e}{chapter.2}% 18
\BOOKMARK [1][-]{section*.19}{\376\377\000R\000e\000t\000o\000\040\000d\000e\000l\000\040\000c\000a\000p\000\355\000t\000u\000l\000o}{chapter.2}% 19
\BOOKMARK [0][-]{chapter.3}{\376\377\000E\000l\000\040\000t\000a\000l\000e\000n\000t\000o\000\040\000q\000u\000e\000\040\000n\000a\000d\000i\000e\000\040\000n\000o\000m\000b\000r\000\363}{part.1}% 20
\BOOKMARK [1][-]{section*.20}{\376\377\000L\000o\000\040\000q\000u\000e\000\040\000c\000r\000e\000\355\000\040\000d\000e\000f\000e\000c\000t\000o\000\040\000e\000r\000a\000\040\000f\000o\000r\000t\000a\000l\000e\000z\000a}{chapter.3}% 21
\BOOKMARK [1][-]{section*.21}{\376\377\000D\000e\000\040\000t\000a\000l\000e\000n\000t\000o\000\040\000a\000\040\000f\000o\000r\000t\000a\000l\000e\000z\000a}{chapter.3}% 22
\BOOKMARK [1][-]{section*.22}{\376\377\000L\000o\000s\000\040\0003\0004\000\040\000t\000a\000l\000e\000n\000t\000o\000s\000\040\000q\000u\000e\000\040\000t\000u\000\040\000h\000i\000j\000o\000\040\000p\000u\000e\000d\000e\000\040\000t\000e\000n\000e\000r}{chapter.3}% 23
\BOOKMARK [1][-]{section*.23}{\376\377\000L\000a\000\040\000c\000u\000l\000t\000u\000r\000a\000\040\000q\000u\000e\000\040\000n\000u\000t\000r\000e\000\040\000o\000\040\000q\000u\000e\000\040\000a\000p\000a\000g\000a}{chapter.3}% 24
\BOOKMARK [1][-]{section*.24}{\376\377\000E\000l\000\040\000l\000a\000b\000o\000r\000a\000t\000o\000r\000i\000o\000\040\000d\000e\000\040\000c\000a\000s\000a}{chapter.3}% 25
\BOOKMARK [1][-]{section*.25}{\376\377\000R\000e\000t\000o\000\040\000d\000e\000l\000\040\000c\000a\000p\000\355\000t\000u\000l\000o}{chapter.3}% 26
\BOOKMARK [-1][-]{part.2}{\376\377\000I\000I\000\040\000D\000e\000\040\000l\000a\000\040\000t\000e\000o\000r\000\355\000a\000\040\000a\000\040\000l\000a\000\040\000a\000c\000c\000i\000\363\000n}{}% 27
\BOOKMARK [0][-]{chapter.4}{\376\377\000E\000l\000\040\000m\000u\000n\000d\000o\000\040\000r\000e\000a\000l\000\040\000d\000e\000\040\000l\000a\000s\000\040\000p\000r\000o\000f\000e\000s\000i\000o\000n\000e\000s}{part.2}% 28
\BOOKMARK [1][-]{section*.26}{\376\377\000C\000o\000n\000o\000c\000e\000r\000s\000e\000\040\000e\000s\000\040\000s\000o\000l\000o\000\040\000e\000l\000\040\000i\000n\000i\000c\000i\000o}{chapter.4}% 29
\BOOKMARK [1][-]{section*.27}{\376\377\000E\000l\000\040\000s\000e\000c\000r\000e\000t\000o\000\040\000p\000a\000r\000a\000\040\000q\000u\000e\000\040\000l\000e\000s\000\040\000v\000a\000y\000a\000\040\000b\000i\000e\000n}{chapter.4}% 30
\BOOKMARK [1][-]{section*.28}{\376\377\000V\000a\000l\000o\000r\000\040\000n\000o\000\040\000e\000s\000\040\000b\000u\000e\000n\000a\000\040\000i\000n\000t\000e\000n\000c\000i\000\363\000n}{chapter.4}% 31
\BOOKMARK [1][-]{section*.29}{\376\377\000P\000o\000r\000\040\000q\000u\000\351\000\040\000e\000x\000i\000s\000t\000e\000n\000\040\000l\000a\000s\000\040\000c\000a\000r\000r\000e\000r\000a\000s}{chapter.4}% 32
\BOOKMARK [1][-]{section*.30}{\376\377\000E\000l\000\040\000c\000o\000n\000c\000e\000p\000t\000o\000\040\000c\000e\000n\000t\000r\000a\000l\000\040\000d\000e\000\040\000l\000a\000\040\000o\000r\000i\000e\000n\000t\000a\000c\000i\000\363\000n\000\040\000v\000o\000c\000a\000c\000i\000o\000n\000a\000l}{chapter.4}% 33
\BOOKMARK [1][-]{section*.31}{\376\377\000E\000l\000\040\000c\000o\000n\000t\000e\000x\000t\000o\000\040\000i\000m\000p\000o\000r\000t\000a\000\040\000m\000\341\000s\000\040\000d\000e\000\040\000l\000o\000\040\000q\000u\000e\000\040\000c\000r\000e\000e\000s}{chapter.4}% 34
\BOOKMARK [1][-]{section*.33}{\376\377\000L\000a\000\040\000e\000c\000u\000a\000c\000i\000\363\000n\000\040\000d\000e\000l\000\040\000v\000a\000l\000o\000r}{chapter.4}% 35
\BOOKMARK [1][-]{section*.34}{\376\377\000S\000e\000r\000v\000i\000r\000\040\000p\000a\000r\000a\000\040\000s\000e\000r\000v\000i\000r}{chapter.4}% 36
\BOOKMARK [1][-]{section*.36}{\376\377\000D\000o\000n\000d\000e\000\040\000t\000o\000d\000o\000\040\000s\000e\000\040\000c\000o\000n\000e\000c\000t\000a}{chapter.4}% 37
\BOOKMARK [1][-]{section*.37}{\376\377\000R\000e\000t\000o\000\040\000d\000e\000l\000\040\000c\000a\000p\000\355\000t\000u\000l\000o}{chapter.4}% 38
\BOOKMARK [0][-]{chapter.5}{\376\377\000E\000l\000\040\000p\000r\000o\000c\000e\000s\000o\000\040\000d\000e\000\040\000e\000l\000e\000g\000i\000r}{part.2}% 39
\BOOKMARK [1][-]{section*.38}{\376\377\000P\000o\000r\000\040\000q\000u\000\351\000\040\000e\000l\000e\000g\000i\000r\000\040\000c\000a\000r\000r\000e\000r\000a\000\040\000e\000s\000\040\000t\000a\000n\000\040\000d\000i\000f\000\355\000c\000i\000l}{chapter.5}% 40
\BOOKMARK [1][-]{section*.40}{\376\377\000L\000o\000\040\000n\000u\000e\000v\000o\000\040\000s\000i\000e\000m\000p\000r\000e\000\040\000d\000a\000\040\000m\000i\000e\000d\000o}{chapter.5}% 41
\BOOKMARK [1][-]{section*.41}{\376\377\000T\000r\000e\000s\000\040\000p\000a\000s\000o\000s\000\040\000p\000a\000r\000a\000\040\000e\000l\000e\000g\000i\000r\000\040\000b\000i\000e\000n}{chapter.5}% 42
\BOOKMARK [1][-]{section*.45}{\376\377\000E\000l\000\040\000d\000e\000f\000a\000u\000l\000t\000\040\000r\000e\000f\000l\000e\000x\000i\000v\000o}{chapter.5}% 43
\BOOKMARK [1][-]{section*.47}{\376\377\000L\000o\000s\000\040\000t\000e\000s\000t\000s\000\040\000v\000o\000c\000a\000c\000i\000o\000n\000a\000l\000e\000s}{chapter.5}% 44
\BOOKMARK [1][-]{section*.52}{\376\377\000C\000r\000i\000t\000e\000r\000i\000o\000s\000\040\000p\000a\000r\000a\000\040\000l\000a\000\040\000d\000e\000c\000i\000s\000i\000\363\000n\000\040\000f\000i\000n\000a\000l}{chapter.5}% 45
\BOOKMARK [1][-]{section*.53}{\376\377\000R\000e\000t\000o\000\040\000d\000e\000l\000\040\000c\000a\000p\000\355\000t\000u\000l\000o}{chapter.5}% 46
\BOOKMARK [-1][-]{part.3}{\376\377\000I\000I\000I\000\040\000E\000l\000\040\000a\000c\000o\000m\000p\000a\000\361\000a\000m\000i\000e\000n\000t\000o}{}% 47
\BOOKMARK [0][-]{chapter.6}{\376\377\000C\000u\000a\000n\000d\000o\000\040\000y\000a\000\040\000e\000l\000i\000g\000i\000\363}{part.3}% 48
\BOOKMARK [1][-]{section*.54}{\376\377\000C\000u\000a\000n\000d\000o\000\040\000l\000a\000s\000\040\000c\000o\000s\000a\000s\000\040\000n\000o\000\040\000s\000a\000l\000e\000n\000\040\000c\000o\000m\000o\000\040\000e\000s\000p\000e\000r\000a\000b\000a\000s}{chapter.6}% 49
\BOOKMARK [1][-]{section*.62}{\376\377\000E\000l\000\040\000a\000\361\000o\000\040\000s\000a\000b\000\341\000t\000i\000c\000o\000\040\000e\000s\000t\000r\000a\000t\000\351\000g\000i\000c\000o}{chapter.6}% 50
\BOOKMARK [1][-]{section*.66}{\376\377\000T\000u\000\040\000r\000o\000l\000\040\000c\000a\000m\000b\000i\000a\000\040\000p\000e\000r\000o\000\040\000n\000o\000\040\000d\000e\000s\000a\000p\000a\000r\000e\000c\000e}{chapter.6}% 51
\BOOKMARK [1][-]{section*.70}{\376\377\000T\000u\000\040\000h\000i\000j\000o\000\040\000n\000o\000\040\000e\000s\000\040\000t\000u\000\040\000p\000r\000o\000y\000e\000c\000t\000o}{chapter.6}% 52
\BOOKMARK [1][-]{section*.73}{\376\377\000R\000e\000t\000o\000\040\000d\000e\000l\000\040\000c\000a\000p\000\355\000t\000u\000l\000o}{chapter.6}% 53
\BOOKMARK [0][-]{chapter.7}{\376\377\000E\000l\000\040\000m\000e\000n\000t\000o\000r\000\040\000p\000e\000r\000m\000a\000n\000e\000n\000t\000e}{part.3}% 54
\BOOKMARK [1][-]{section*.74}{\376\377\000E\000l\000\040\000v\000a\000c\000\355\000o\000\040\000q\000u\000e\000\040\000n\000i\000n\000g\000u\000n\000a\000\040\000c\000a\000r\000r\000e\000r\000a\000\040\000l\000l\000e\000n\000a}{chapter.7}% 55
\BOOKMARK [1][-]{section*.76}{\376\377\000D\000i\000o\000s\000\040\000n\000o\000\040\000c\000o\000m\000p\000i\000t\000e\000\040\000c\000o\000n\000\040\000l\000a\000\040\000v\000o\000c\000a\000c\000i\000\363\000n\000:\000\040\000l\000a\000\040\000o\000r\000d\000e\000n\000a}{chapter.7}% 56
\BOOKMARK [1][-]{section*.79}{\376\377\000E\000l\000\040\000p\000a\000d\000r\000e\000\040\000c\000o\000m\000o\000\040\000m\000e\000n\000t\000o\000r\000\040\000e\000s\000p\000i\000r\000i\000t\000u\000a\000l}{chapter.7}% 57
\BOOKMARK [1][-]{section*.82}{\376\377\000E\000l\000\040\000v\000e\000r\000d\000a\000d\000e\000r\000o\000\040\000\351\000x\000i\000t\000o}{chapter.7}% 58
\BOOKMARK [1][-]{section*.84}{\376\377\000T\000u\000\040\000l\000e\000g\000a\000d\000o\000\040\000r\000e\000a\000l}{chapter.7}% 59
\BOOKMARK [1][-]{section*.85}{\376\377\000R\000e\000t\000o\000\040\000d\000e\000l\000\040\000c\000a\000p\000\355\000t\000u\000l\000o}{chapter.7}% 60
\BOOKMARK [0][-]{chapter*.86}{\376\377\000B\000i\000b\000l\000i\000o\000g\000r\000a\000f\000\355\000a}{part.3}% 61
